<?xml version="1.0" encoding="UTF-8"?>
<testng-results ignored="0" total="2" passed="2" failed="0" skipped="0">
  <reporter-output>
  </reporter-output>
  <suite started-at="2026-07-22T20:29:31 IST" name="Default suite" finished-at="2026-07-22T20:29:31 IST" duration-ms="119">
    <groups>
    </groups>
    <test started-at="2026-07-22T20:29:31 IST" name="Default test" finished-at="2026-07-22T20:29:31 IST" duration-ms="119">
      <class name="TestngfrmeBasic2.DataProviderEmp">
        <test-method signature="loadtest(java.lang.String,java.lang.String)[pri:0, instance:TestngfrmeBasic2.DataProviderEmp@2f9f7dcf]" started-at="2026-07-22T20:29:31 IST" name="loadtest" data-provider="testdata" finished-at="2026-07-22T20:29:31 IST" duration-ms="23" status="PASS">
          <params>
            <param index="0">
              <value>
                <![CDATA[user]]>
              </value>
            </param>
            <param index="1">
              <value>
                <![CDATA[pass]]>
              </value>
            </param>
          </params>
          <reporter-output>
          </reporter-output>
        </test-method> <!-- loadtest -->
        <test-method signature="loadtest(java.lang.String,java.lang.String)[pri:0, instance:TestngfrmeBasic2.DataProviderEmp@2f9f7dcf]" started-at="2026-07-22T20:29:31 IST" name="loadtest" data-provider="testdata" finished-at="2026-07-22T20:29:31 IST" duration-ms="3" status="PASS">
          <params>
            <param index="0">
              <value>
                <![CDATA[user1]]>
              </value>
            </param>
            <param index="1">
              <value>
                <![CDATA[pass1]]>
              </value>
            </param>
          </params>
          <reporter-output>
          </reporter-output>
        </test-method> <!-- loadtest -->
      </class> <!-- TestngfrmeBasic2.DataProviderEmp -->
    </test> <!-- Default test -->
  </suite> <!-- Default suite -->
</testng-results>
